<?xml version="1.0" encoding="UTF-8"?>
<testng-results ignored="0" total="5" passed="4" failed="1" skipped="0">
  <reporter-output>
  </reporter-output>
  <suite started-at="2024-02-12T18:18:27 IST" name="Default suite" finished-at="2024-02-12T18:20:29 IST" duration-ms="122673">
    <groups>
    </groups>
    <test started-at="2024-02-12T18:18:27 IST" name="Default test" finished-at="2024-02-12T18:20:29 IST" duration-ms="122673">
      <class name="com.cineverse.qa.testcases.SignUpPageTest">
        <test-method is-config="true" signature="setup()[pri:0, instance:com.cineverse.qa.testcases.SignUpPageTest@7fd50002]" started-at="2024-02-12T18:18:27 IST" name="setup" finished-at="2024-02-12T18:18:43 IST" duration-ms="16524" status="PASS">
          <reporter-output>
          </reporter-output>
        </test-method> <!-- setup -->
        <test-method signature="ValidateEmailInputBoxIsDisplayedTest()[pri:1, instance:com.cineverse.qa.testcases.SignUpPageTest@7fd50002]" started-at="2024-02-12T18:18:43 IST" name="ValidateEmailInputBoxIsDisplayedTest" finished-at="2024-02-12T18:18:44 IST" duration-ms="133" status="PASS">
          <reporter-output>
          </reporter-output>
        </test-method> <!-- ValidateEmailInputBoxIsDisplayedTest -->
        <test-method is-config="true" signature="teardown()[pri:0, instance:com.cineverse.qa.testcases.SignUpPageTest@7fd50002]" started-at="2024-02-12T18:18:44 IST" name="teardown" finished-at="2024-02-12T18:18:44 IST" duration-ms="159" status="PASS">
          <reporter-output>
          </reporter-output>
        </test-method> <!-- teardown -->
        <test-method is-config="true" signature="setup()[pri:0, instance:com.cineverse.qa.testcases.SignUpPageTest@7fd50002]" started-at="2024-02-12T18:18:44 IST" name="setup" finished-at="2024-02-12T18:18:55 IST" duration-ms="11252" status="PASS">
          <reporter-output>
          </reporter-output>
        </test-method> <!-- setup -->
        <test-method signature="ValidateNameInputBoxIsDisplayedTest()[pri:2, instance:com.cineverse.qa.testcases.SignUpPageTest@7fd50002]" started-at="2024-02-12T18:18:55 IST" name="ValidateNameInputBoxIsDisplayedTest" finished-at="2024-02-12T18:18:55 IST" duration-ms="35" status="PASS">
          <reporter-output>
          </reporter-output>
        </test-method> <!-- ValidateNameInputBoxIsDisplayedTest -->
        <test-method is-config="true" signature="teardown()[pri:0, instance:com.cineverse.qa.testcases.SignUpPageTest@7fd50002]" started-at="2024-02-12T18:18:55 IST" name="teardown" finished-at="2024-02-12T18:18:55 IST" duration-ms="169" status="PASS">
          <reporter-output>
          </reporter-output>
        </test-method> <!-- teardown -->
        <test-method is-config="true" signature="setup()[pri:0, instance:com.cineverse.qa.testcases.SignUpPageTest@7fd50002]" started-at="2024-02-12T18:18:55 IST" name="setup" finished-at="2024-02-12T18:19:11 IST" duration-ms="15420" status="PASS">
          <reporter-output>
          </reporter-output>
        </test-method> <!-- setup -->
        <test-method signature="ValidatePasswordInputBoxIsDisplayedTest()[pri:3, instance:com.cineverse.qa.testcases.SignUpPageTest@7fd50002]" started-at="2024-02-12T18:19:11 IST" name="ValidatePasswordInputBoxIsDisplayedTest" finished-at="2024-02-12T18:19:11 IST" duration-ms="45" status="PASS">
          <reporter-output>
          </reporter-output>
        </test-method> <!-- ValidatePasswordInputBoxIsDisplayedTest -->
        <test-method is-config="true" signature="teardown()[pri:0, instance:com.cineverse.qa.testcases.SignUpPageTest@7fd50002]" started-at="2024-02-12T18:19:11 IST" name="teardown" finished-at="2024-02-12T18:19:11 IST" duration-ms="168" status="PASS">
          <reporter-output>
          </reporter-output>
        </test-method> <!-- teardown -->
        <test-method is-config="true" signature="setup()[pri:0, instance:com.cineverse.qa.testcases.SignUpPageTest@7fd50002]" started-at="2024-02-12T18:19:11 IST" name="setup" finished-at="2024-02-12T18:19:26 IST" duration-ms="15390" status="PASS">
          <reporter-output>
          </reporter-output>
        </test-method> <!-- setup -->
        <test-method signature="ValidateViewIconIsDisplayedTest()[pri:4, instance:com.cineverse.qa.testcases.SignUpPageTest@7fd50002]" started-at="2024-02-12T18:19:26 IST" name="ValidateViewIconIsDisplayedTest" finished-at="2024-02-12T18:19:26 IST" duration-ms="41" status="PASS">
          <reporter-output>
          </reporter-output>
        </test-method> <!-- ValidateViewIconIsDisplayedTest -->
        <test-method is-config="true" signature="teardown()[pri:0, instance:com.cineverse.qa.testcases.SignUpPageTest@7fd50002]" started-at="2024-02-12T18:19:26 IST" name="teardown" finished-at="2024-02-12T18:19:26 IST" duration-ms="143" status="PASS">
          <reporter-output>
          </reporter-output>
        </test-method> <!-- teardown -->
        <test-method is-config="true" signature="setup()[pri:0, instance:com.cineverse.qa.testcases.SignUpPageTest@7fd50002]" started-at="2024-02-12T18:19:26 IST" name="setup" finished-at="2024-02-12T18:19:59 IST" duration-ms="32811" status="PASS">
          <reporter-output>
          </reporter-output>
        </test-method> <!-- setup -->
        <test-method signature="ValidatePasswordInstrctTextIsDisplayedTest()[pri:5, instance:com.cineverse.qa.testcases.SignUpPageTest@7fd50002]" started-at="2024-02-12T18:19:59 IST" name="ValidatePasswordInstrctTextIsDisplayedTest" finished-at="2024-02-12T18:20:29 IST" duration-ms="30044" status="FAIL">
          <exception class="org.openqa.selenium.NoSuchElementException">
            <message>
              <![CDATA[no such element: Unable to locate element: {"method":"xpath","selector":"//div[@class='sc-d7605ec7-0 iRnmWa newMargin']"}
  (Session info: chrome=121.0.6167.161)
For documentation on this error, please visit: https://www.selenium.dev/documentation/webdriver/troubleshooting/errors#no-such-element-exception
Build info: version: '4.17.0', revision: 'e52b1be057*'
System info: os.name: 'Windows 11', os.arch: 'amd64', os.version: '10.0', java.version: '21.0.2'
Driver info: org.openqa.selenium.chrome.ChromeDriver
Command: [b69a2d7f0a430b213a9c48b68093eeb8, findElement {value=//div[@class='sc-d7605ec7-0 iRnmWa newMargin'], using=xpath}]
Capabilities {acceptInsecureCerts: false, browserName: chrome, browserVersion: 121.0.6167.161, chrome: {chromedriverVersion: 121.0.6167.85 (3f98d690ad7e..., userDataDir: C:\Users\pjha\AppData\Local...}, fedcm:accounts: true, goog:chromeOptions: {debuggerAddress: localhost:53903}, networkConnectionEnabled: false, pageLoadStrategy: normal, platformName: windows, proxy: Proxy(), se:cdp: ws://localhost:53903/devtoo..., se:cdpVersion: 121.0.6167.161, setWindowRect: true, strictFileInteractability: false, timeouts: {implicit: 0, pageLoad: 300000, script: 30000}, unhandledPromptBehavior: dismiss and notify, webauthn:extension:credBlob: true, webauthn:extension:largeBlob: true, webauthn:extension:minPinLength: true, webauthn:extension:prf: true, webauthn:virtualAuthenticators: true}
Session ID: b69a2d7f0a430b213a9c48b68093eeb8]]>
            </message>
            <full-stacktrace>
              <![CDATA[org.openqa.selenium.NoSuchElementException: no such element: Unable to locate element: {"method":"xpath","selector":"//div[@class='sc-d7605ec7-0 iRnmWa newMargin']"}
  (Session info: chrome=121.0.6167.161)
For documentation on this error, please visit: https://www.selenium.dev/documentation/webdriver/troubleshooting/errors#no-such-element-exception
Build info: version: '4.17.0', revision: 'e52b1be057*'
System info: os.name: 'Windows 11', os.arch: 'amd64', os.version: '10.0', java.version: '21.0.2'
Driver info: org.openqa.selenium.chrome.ChromeDriver
Command: [b69a2d7f0a430b213a9c48b68093eeb8, findElement {value=//div[@class='sc-d7605ec7-0 iRnmWa newMargin'], using=xpath}]
Capabilities {acceptInsecureCerts: false, browserName: chrome, browserVersion: 121.0.6167.161, chrome: {chromedriverVersion: 121.0.6167.85 (3f98d690ad7e..., userDataDir: C:\Users\pjha\AppData\Local...}, fedcm:accounts: true, goog:chromeOptions: {debuggerAddress: localhost:53903}, networkConnectionEnabled: false, pageLoadStrategy: normal, platformName: windows, proxy: Proxy(), se:cdp: ws://localhost:53903/devtoo..., se:cdpVersion: 121.0.6167.161, setWindowRect: true, strictFileInteractability: false, timeouts: {implicit: 0, pageLoad: 300000, script: 30000}, unhandledPromptBehavior: dismiss and notify, webauthn:extension:credBlob: true, webauthn:extension:largeBlob: true, webauthn:extension:minPinLength: true, webauthn:extension:prf: true, webauthn:virtualAuthenticators: true}
Session ID: b69a2d7f0a430b213a9c48b68093eeb8
at java.base/jdk.internal.reflect.DirectConstructorHandleAccessor.newInstance(DirectConstructorHandleAccessor.java:62)
at java.base/java.lang.reflect.Constructor.newInstanceWithCaller(Constructor.java:502)
at java.base/java.lang.reflect.Constructor.newInstance(Constructor.java:486)
at org.openqa.selenium.remote.codec.w3c.W3CHttpResponseCodec.createException(W3CHttpResponseCodec.java:185)
at org.openqa.selenium.remote.codec.w3c.W3CHttpResponseCodec.decode(W3CHttpResponseCodec.java:134)
at org.openqa.selenium.remote.codec.w3c.W3CHttpResponseCodec.decode(W3CHttpResponseCodec.java:51)
at org.openqa.selenium.remote.HttpCommandExecutor.execute(HttpCommandExecutor.java:190)
at org.openqa.selenium.remote.service.DriverCommandExecutor.invokeExecute(DriverCommandExecutor.java:216)
at org.openqa.selenium.remote.service.DriverCommandExecutor.execute(DriverCommandExecutor.java:174)
at org.openqa.selenium.remote.RemoteWebDriver.execute(RemoteWebDriver.java:519)
at org.openqa.selenium.remote.ElementLocation$ElementFinder$2.findElement(ElementLocation.java:165)
at org.openqa.selenium.remote.ElementLocation.findElement(ElementLocation.java:59)
at org.openqa.selenium.remote.RemoteWebDriver.findElement(RemoteWebDriver.java:356)
at org.openqa.selenium.remote.RemoteWebDriver.findElement(RemoteWebDriver.java:350)
at org.openqa.selenium.support.pagefactory.DefaultElementLocator.findElement(DefaultElementLocator.java:68)
at org.openqa.selenium.support.pagefactory.internal.LocatingElementHandler.invoke(LocatingElementHandler.java:38)
at jdk.proxy2/jdk.proxy2.$Proxy13.isDisplayed(Unknown Source)
at com.cineverse.qa.pages.SignUpPage.ValidatePasswordInstrctTextIsDisplayed(SignUpPage.java:105)
at com.cineverse.qa.testcases.SignUpPageTest.ValidatePasswordInstrctTextIsDisplayedTest(SignUpPageTest.java:78)
at java.base/jdk.internal.reflect.DirectMethodHandleAccessor.invoke(DirectMethodHandleAccessor.java:103)
at java.base/java.lang.reflect.Method.invoke(Method.java:580)
at org.testng.internal.MethodInvocationHelper.invokeMethod(MethodInvocationHelper.java:133)
at org.testng.internal.TestInvoker.invokeMethod(TestInvoker.java:598)
at org.testng.internal.TestInvoker.invokeTestMethod(TestInvoker.java:173)
at org.testng.internal.MethodRunner.runInSequence(MethodRunner.java:46)
at org.testng.internal.TestInvoker$MethodInvocationAgent.invoke(TestInvoker.java:824)
at org.testng.internal.TestInvoker.invokeTestMethods(TestInvoker.java:146)
at org.testng.internal.TestMethodWorker.invokeTestMethods(TestMethodWorker.java:146)
at org.testng.internal.TestMethodWorker.run(TestMethodWorker.java:128)
at java.base/java.util.ArrayList.forEach(ArrayList.java:1596)
at org.testng.TestRunner.privateRun(TestRunner.java:794)
at org.testng.TestRunner.run(TestRunner.java:596)
at org.testng.SuiteRunner.runTest(SuiteRunner.java:377)
at org.testng.SuiteRunner.runSequentially(SuiteRunner.java:371)
at org.testng.SuiteRunner.privateRun(SuiteRunner.java:332)
at org.testng.SuiteRunner.run(SuiteRunner.java:276)
at org.testng.SuiteRunnerWorker.runSuite(SuiteRunnerWorker.java:53)
at org.testng.SuiteRunnerWorker.run(SuiteRunnerWorker.java:96)
at org.testng.TestNG.runSuitesSequentially(TestNG.java:1212)
at org.testng.TestNG.runSuitesLocally(TestNG.java:1134)
at org.testng.TestNG.runSuites(TestNG.java:1063)
at org.testng.TestNG.run(TestNG.java:1031)
at org.testng.remote.AbstractRemoteTestNG.run(AbstractRemoteTestNG.java:115)
at org.testng.remote.RemoteTestNG.initAndRun(RemoteTestNG.java:251)
at org.testng.remote.RemoteTestNG.main(RemoteTestNG.java:77)
]]>
            </full-stacktrace>
          </exception> <!-- org.openqa.selenium.NoSuchElementException -->
          <reporter-output>
          </reporter-output>
        </test-method> <!-- ValidatePasswordInstrctTextIsDisplayedTest -->
        <test-method is-config="true" signature="teardown()[pri:0, instance:com.cineverse.qa.testcases.SignUpPageTest@7fd50002]" started-at="2024-02-12T18:20:29 IST" name="teardown" finished-at="2024-02-12T18:20:29 IST" duration-ms="100" status="PASS">
          <reporter-output>
          </reporter-output>
        </test-method> <!-- teardown -->
      </class> <!-- com.cineverse.qa.testcases.SignUpPageTest -->
    </test> <!-- Default test -->
  </suite> <!-- Default suite -->
</testng-results>
